{49}
{49,{58}}
{58,{49},{72}}
{58,{49},{72,{78}}}
{58,{49},{78,{72},{109}}}
{58,{49},{78,{72},{109,{165}}}}
{58,{49},{109,{72},{165}}}
{58,{49},{109,{72},{165,{127}}}}
{58,{49,{40}},{109,{72},{165,{127}}}}
{58,{49,{40}},{109,{72,{103}},{165,{127}}}}
{58,{49,{40}},{109,{72,{103}},{165,{127}}}}
{58,{49,{40}},{109,{72,{103}},{165,{127}}}}
{58,{49,{40}},{109,{78,{72},{103}},{165,{127}}}}
{58,{49,{40}},{109,{78,{72},{103}},{135,{127},{165}}}}
{58,{49,{40}},{109,{78,{72}},{135,{127},{165}}}}
{58,{40,{10},{49}},{109,{78,{72}},{135,{127},{165}}}}
{109,{58,{40,{10},{49}},{78,{72}}},{135,{127},{165,{179}}}}
{109,{58,{40,{10},{49}},{78,{72}}},{135,{127},{165,{179}}}}
{109,{58,{40,{10},{49}},{78,{72}}},{135,{127},{167,{165},{179}}}}
{109,{58,{40,{10},{49}},{78,{72}}},{135,{127},{167,{165},{179}}}}
{109,{58,{40,{10},{49}},{78,{72}}},{135,{127},{167,{165,{145}},{179}}}}
{109,{58,{40,{10},{49}},{78,{72},{91}}},{135,{127},{167,{165,{145}},{179}}}}
{109,{58,{40,{10},{49}},{78,{72},{91}}},{135,{127},{167,{157,{145},{165}},{179}}}}
{109,{58,{40,{10},{49}},{78,{72},{91}}},{157,{135,{127},{145,{153}}},{167,{165},{179}}}}
{109,{58,{40,{10},{49}},{78,{72},{91}}},{157,{135,{127},{145,{144},{153}}},{167,{165},{179}}}}
{109,{58,{40,{10},{49}},{78,{72},{91,{90}}}},{157,{135,{127},{145,{144},{153}}},{167,{165},{179}}}}
{109,{58,{40,{10},{49}},{78,{72},{91,{90}}}},{157,{135,{127},{145,{144},{153}}},{167,{165},{179,{196}}}}}
{109,{58,{40,{10},{49}},{78,{72},{91,{90}}}},{157,{135,{127},{153,{144}}},{167,{165},{179,{196}}}}}
{109,{58,{40,{10},{49}},{78,{72},{91,{90}}}},{157,{135,{127},{149,{144},{153}}},{167,{165},{179,{196}}}}}
{109,{58,{40,{10,{1}},{49}},{78,{72},{91,{90}}}},{157,{135,{127},{149,{144},{153}}},{167,{165},{179,{196}}}}}
{109,{58,{40,{10,{1}},{49}},{78,{72},{91,{90}}}},{157,{135,{127},{149,{144},{153}}},{167,{165},{179,{177},{196}}}}}
{109,{58,{40,{10,{1},{28}},{49}},{78,{72},{91,{90}}}},{157,{135,{127},{149,{144},{153}}},{167,{165},{179,{177},{196}}}}}
{109,{58,{40,{10,{1},{28}},{49}},{78,{72},{91,{90},{98}}}},{157,{135,{127},{149,{144},{153}}},{167,{165},{179,{177},{196}}}}}
{109,{58,{40,{10,{1},{28,{35}}},{49}},{78,{72},{91,{90},{98}}}},{157,{135,{127},{149,{144},{153}}},{167,{165},{179,{177},{196}}}}}
{109,{58,{40,{10,{1},{28,{35}}},{49}},{78,{72},{91,{90},{98}}}},{157,{149,{135,{144}},{153}},{167,{165},{179,{177},{196}}}}}
{109,{58,{40,{10,{1},{28,{35}}},{49}},{78,{72},{91,{90},{98}}}},{157,{144,{135},{149}},{167,{165},{179,{177},{196}}}}}
{109,{58,{40,{10,{1},{28,{35}}},{49}},{78,{72},{91,{90},{98}}}},{157,{144,{135,{115}},{149}},{167,{165},{179,{177},{196}}}}}
{109,{58,{40,{10,{1},{29,{28},{35}}},{49}},{78,{72},{91,{90},{98}}}},{157,{144,{135,{115}},{149}},{167,{165},{179,{177},{196}}}}}
{109,{58,{40,{10,{1},{29,{28},{35}}},{49}},{78,{72},{91,{90},{98}}}},{157,{144,{117,{115},{135}},{149}},{167,{165},{179,{177},{196}}}}}
{109,{58,{40,{10,{1},{29,{28},{35}}},{49}},{78,{72},{91,{90},{98,{105}}}}},{157,{144,{117,{115},{135}},{149}},{167,{165},{179,{177},{196}}}}}
{109,{58,{40,{10,{1},{29,{28},{35}}},{49,{51}}},{78,{72},{91,{90},{98,{105}}}}},{157,{144,{117,{115},{135}},{149}},{167,{165},{179,{177},{196}}}}}
{109,{58,{40,{10,{1},{29,{28},{35}}},{49,{51}}},{90,{72},{98,{91},{105}}}},{157,{144,{117,{115},{135}},{149}},{167,{165},{179,{177},{196}}}}}
{109,{58,{40,{10,{1},{29,{28},{35}}},{49,{51}}},{90,{72,{82}},{98,{91},{105}}}},{157,{144,{117,{115},{135}},{149}},{167,{165},{179,{177},{196}}}}}
{109,{58,{40,{10,{1},{29,{28},{35}}},{49,{51}}},{90,{72,{82}},{98,{91},{105}}}},{157,{144,{117,{115},{135}},{149}},{167,{165,{166}},{179,{177},{196}}}}}
{109,{58,{40,{10,{1},{29,{28},{35}}},{49,{51}}},{90,{72,{82}},{98,{91},{105}}}},{157,{144,{117,{115},{135,{137}}},{149}},{167,{165,{166}},{179,{177},{196}}}}}
{109,{58,{40,{10,{1},{29,{28},{35}}},{49,{51}}},{90,{72,{82}},{98,{91},{105}}}},{157,{144,{117,{115},{135,{137}}},{149}},{167,{165,{166}},{179,{177},{196}}}}}
{109,{58,{40,{10,{1},{29,{28},{35}}},{49,{51}}},{90,{72,{82}},{98,{91,{97}},{105}}}},{157,{144,{117,{115},{135,{137}}},{149}},{167,{165,{166}},{179,{177},{196}}}}}
{109,{58,{40,{10,{1},{29,{28},{35}}},{49,{51}}},{90,{72,{82}},{98,{91,{97}},{105}}}},{157,{144,{117,{115},{135,{137}}},{149}},{167,{165,{166}},{179,{177},{196}}}}}
{109,{58,{40,{10,{1},{29,{28},{35}}},{49,{51}}},{90,{72,{82}},{98,{91,{97}},{105}}}},{157,{144,{117,{115},{135,{137}}},{149}},{167,{165,{158},{166}},{179,{177},{196}}}}}
{109,{58,{40,{10,{1},{29,{28}}},{49,{51}}},{90,{72,{82}},{98,{91,{97}},{105}}}},{157,{144,{117,{115},{135,{137}}},{149}},{167,{165,{158},{166}},{179,{177},{196}}}}}
{109,{58,{40,{10,{1,{9}},{29,{28}}},{49,{51}}},{90,{72,{82}},{98,{91,{97}},{105}}}},{157,{144,{117,{115},{135,{137}}},{149}},{167,{165,{158},{166}},{179,{177},{196}}}}}
{109,{58,{40,{10,{1,{9}},{29,{28}}},{49,{51}}},{90,{72,{82}},{98,{91,{97}},{105}}}},{157,{144,{117,{115},{135,{137}}},{149,{145}}},{167,{165,{158},{166}},{179,{177},{196}}}}}
{109,{58,{40,{10,{1,{9}},{29}},{49,{51}}},{90,{72,{82}},{98,{91,{97}},{105}}}},{157,{144,{117,{115},{135,{137}}},{149,{145}}},{167,{165,{158},{166}},{179,{177},{196}}}}}
{109,{58,{40,{10,{1,{9}},{29}},{49,{51}}},{90,{72,{82}},{98,{91,{97}},{105}}}},{157,{144,{117,{115},{135,{137}}},{149,{145}}},{167,{165,{158},{166}},{179,{177},{196,{199}}}}}}
{109,{58,{40,{10,{1,{9}},{29,{12}}},{49,{51}}},{90,{72,{82}},{98,{91,{97}},{105}}}},{157,{144,{117,{115},{135,{137}}},{149,{145}}},{167,{165,{158},{166}},{179,{177},{196,{199}}}}}}
{109,{58,{40,{10,{1,{9}},{29,{12}}},{49,{51}}},{90,{72,{82}},{98,{91,{97}},{105}}}},{157,{144,{117,{115},{135,{137}}},{149,{145}}},{167,{165,{158},{166}},{179,{177},{196,{199}}}}}}
{109,{58,{40,{10,{8,{1},{9}},{29,{12}}},{49,{51}}},{90,{72,{82}},{98,{91,{97}},{105}}}},{157,{144,{117,{115},{135,{137}}},{149,{145}}},{167,{165,{158},{166}},{179,{177},{196,{199}}}}}}
{109,{58,{40,{10,{8,{1},{9}},{29,{12}}},{49,{51}}},{90,{72,{82}},{98,{91,{97}},{105}}}},{157,{144,{117,{115},{135,{137}}},{149,{145}}},{167,{165,{158},{166}},{179,{177,{168}},{196,{199}}}}}}
{109,{58,{40,{10,{9,{1}},{29,{12}}},{49,{51}}},{90,{72,{82}},{98,{91,{97}},{105}}}},{157,{144,{117,{115},{135,{137}}},{149,{145}}},{167,{165,{158},{166}},{179,{177,{168}},{196,{199}}}}}}
{109,{58,{40,{10,{9,{1}},{29,{12}}},{49,{51}}},{90,{72,{82}},{98,{91,{97}},{105}}}},{157,{144,{117,{115},{137,{135},{142}}},{149,{145}}},{167,{165,{158},{166}},{179,{177,{168}},{196,{199}}}}}}
{109,{58,{40,{10,{9,{1}},{29,{12}}},{49,{51}}},{90,{72,{82}},{98,{91,{97}},{105}}}},{157,{144,{117,{115},{137,{135},{142}}},{149,{145}}},{167,{165,{158},{166}},{179,{177,{168}},{196,{199}}}}}}
{109,{58,{40,{10,{9,{1}},{29,{12}}},{49,{51}}},{90,{72,{82}},{98,{91,{97}},{105}}}},{157,{144,{117,{115},{137,{135},{142}}},{149,{145}}},{167,{165,{158},{166}},{179,{177,{168}},{196,{199}}}}}}
{109,{58,{40,{10,{9,{1}},{29,{12}}},{49,{51}}},{90,{72,{82}},{98,{95,{91},{97}},{105}}}},{157,{144,{117,{115},{137,{135},{142}}},{149,{145}}},{167,{165,{158},{166}},{179,{177,{168}},{196,{199}}}}}}
{109,{58,{40,{10,{9,{1}},{29,{12}}},{49,{51}}},{90,{72,{71},{82}},{98,{95,{91},{97}},{105}}}},{157,{144,{117,{115},{137,{135},{142}}},{149,{145}}},{167,{165,{158},{166}},{179,{177,{168}},{196,{199}}}}}}
{109,{58,{40,{10,{9,{1}},{29,{12}}},{49,{51}}},{90,{72,{71},{82}},{98,{95,{91},{97}},{105}}}},{157,{144,{117,{115},{137,{135},{142}}},{149,{145}}},{167,{165,{158},{166}},{196,{177,{168}},{199}}}}}
{109,{58,{40,{10,{9,{1}},{29,{12}}},{51,{49},{57}}},{90,{72,{71},{82}},{98,{95,{91},{97}},{105}}}},{157,{144,{117,{115},{137,{135},{142}}},{149,{145}}},{167,{165,{158},{166}},{196,{177,{168}},{199}}}}}
{109,{58,{40,{10,{9,{1}},{29,{12}}},{51,{49},{57}}},{90,{72,{71},{82}},{98,{95,{91},{97}},{105}}}},{157,{144,{117,{115},{137,{135},{142}}},{149,{145}}},{167,{165,{158},{166}},{196,{177,{168}},{199}}}}}
{109,{58,{40,{10,{9,{1}},{29,{12}}},{51,{49},{57}}},{90,{72,{71},{82}},{98,{95,{91},{97}},{105}}}},{157,{144,{117,{115},{137,{135},{142}}},{149,{145}}},{167,{165,{158},{166}},{196,{177,{168}},{199}}}}}
{109,{58,{40,{10,{9,{1}},{29,{12}}},{51,{49},{57}}},{90,{72,{71},{82}},{98,{95,{91},{97}},{105}}}},{157,{144,{117,{115},{137,{135},{142}}},{149,{145}}},{167,{165,{158},{166}},{196,{172,{168},{177}},{199}}}}}
{109,{58,{40,{10,{9,{1}},{29,{12}}},{51,{49},{57}}},{90,{72,{71},{82}},{98,{95,{91},{97}},{105}}}},{157,{144,{135,{115},{137,{142}}},{149,{145}}},{167,{165,{158},{166}},{196,{172,{168},{177}},{199}}}}}
{109,{58,{40,{10,{9,{1}},{23,{12},{29}}},{51,{49},{57}}},{90,{72,{71},{82}},{98,{95,{91},{97}},{105}}}},{157,{144,{135,{115},{137,{142}}},{149,{145}}},{167,{165,{158},{166}},{196,{172,{168},{177}},{199}}}}}
{109,{58,{40,{10,{9,{1}},{23,{12},{29}}},{51,{49},{57}}},{90,{72,{71},{82}},{98,{95,{91},{97}},{105}}}},{157,{144,{135,{115},{137,{142}}},{149,{145}}},{167,{165,{158,{160}},{166}},{196,{172,{168},{177}},{199}}}}}
{109,{58,{40,{10,{9,{1}},{23,{12},{29}}},{51,{49},{57}}},{90,{72,{71},{82}},{98,{95,{91},{97}},{105}}}},{157,{144,{135,{115,{126}},{137,{142}}},{149,{145}}},{167,{165,{158,{160}},{166}},{196,{172,{168},{177}},{199}}}}}
{109,{58,{40,{10,{9,{1}},{23,{12},{29}}},{51,{49},{57}}},{90,{72,{71},{82}},{98,{95,{91},{97}},{105,{106}}}}},{157,{144,{135,{115,{126}},{137,{142}}},{149,{145}}},{167,{165,{158,{160}},{166}},{196,{172,{168},{177}},{199}}}}}
{109,{58,{40,{10,{9,{1}},{23,{12},{29}}},{51,{49},{57}}},{90,{72,{71},{82}},{98,{95,{91},{97}},{105,{106}}}}},{157,{144,{135,{115,{126}},{137,{142}}},{149,{145}}},{167,{165,{158,{160}},{166}},{196,{172,{168,{170}},{177}},{199}}}}}
{109,{58,{40,{10,{9,{1}},{23,{12},{29}}},{51,{49},{57}}},{95,{90,{72,{71},{82}},{91,{94}}},{98,{97},{105,{106}}}}},{157,{144,{135,{115,{126}},{137,{142}}},{149,{145}}},{167,{165,{158,{160}},{166}},{196,{172,{168,{170}},{177}},{199}}}}}
{109,{58,{40,{10,{9,{1}},{23,{12},{29}}},{51,{49,{44}},{57}}},{95,{90,{72,{71},{82}},{91,{94}}},{98,{97},{105,{106}}}}},{157,{144,{135,{115,{126}},{137,{142}}},{149,{145}}},{167,{165,{158,{160}},{166}},{196,{172,{168,{170}},{177}},{199}}}}}
{109,{58,{40,{10,{9,{1}},{23,{12},{29}}},{51,{49},{57}}},{95,{90,{72,{71},{82}},{91,{94}}},{98,{97},{105,{106}}}}},{157,{144,{135,{115,{126}},{137,{142}}},{149,{145}}},{167,{165,{158,{160}},{166}},{196,{172,{168,{170}},{177}},{199}}}}}
{109,{58,{40,{10,{9,{1}},{23,{12},{29}}},{51,{49},{57}}},{95,{90,{72,{71},{82}},{91,{94}}},{98,{97},{105,{106}}}}},{157,{144,{137,{115,{126}},{142}},{149,{145}}},{167,{165,{158,{160}},{166}},{196,{172,{168,{170}},{177}},{199}}}}}
{109,{58,{40,{10,{9,{1}},{23,{12},{29}}},{51,{49},{57}}},{95,{90,{72,{71},{82}},{91,{94}}},{98,{97},{105,{106}}}}},{157,{144,{137,{115,{126}},{142}},{149,{145}}},{167,{165,{158,{160}},{166}},{196,{172,{168,{170}},{177,{190}}},{199}}}}}
{109,{58,{40,{10,{9,{1}},{23,{12},{29}}},{51,{49},{57}}},{95,{90,{72,{71},{82}},{91,{94}}},{98,{97},{105,{106}}}}},{157,{144,{137,{115,{126}},{142}},{149,{145}}},{167,{165,{159,{158},{160}},{166}},{196,{172,{168,{170}},{177,{190}}},{199}}}}}
{109,{58,{40,{10,{9,{1}},{23,{12},{29}}},{51,{49},{57}}},{95,{90,{72,{71},{82}},{91,{94}}},{98,{97},{105,{106}}}}},{157,{144,{137,{115,{126}},{142}},{147,{145},{149}}},{167,{165,{159,{158},{160}},{166}},{196,{172,{168,{170}},{177,{190}}},{199}}}}}
{109,{58,{40,{10,{9,{1}},{23,{12,{17}},{29}}},{51,{49},{57}}},{95,{90,{72,{71},{82}},{91,{94}}},{98,{97},{105,{106}}}}},{157,{144,{137,{115,{126}},{142}},{147,{145},{149}}},{167,{165,{159,{158},{160}},{166}},{196,{172,{168,{170}},{177,{190}}},{199}}}}}
{109,{58,{40,{10,{9,{1}},{23,{12,{17}},{29}}},{51,{49},{57}}},{95,{90,{72,{71},{82}},{91,{94}}},{98,{97},{105,{106}}}}},{157,{144,{137,{115,{126}},{142}},{147,{145},{149}}},{167,{165,{159,{158},{160}},{166}},{196,{172,{168,{170}},{177,{190}}},{199}}}}}
{109,{58,{40,{10,{9,{1}},{23,{12,{17}},{29}}},{51,{49},{57}}},{95,{90,{72,{71},{82}},{91,{94}}},{98,{97,{96}},{105,{106}}}}},{157,{144,{137,{115,{126}},{142}},{147,{145},{149}}},{167,{165,{159,{158},{160}},{166}},{196,{172,{168,{170}},{177,{190}}},{199}}}}}
{109,{58,{40,{12,{9,{1}},{23,{17},{29}}},{51,{49},{57}}},{95,{90,{72,{71},{82}},{91,{94}}},{98,{97,{96}},{105,{106}}}}},{157,{144,{137,{115,{126}},{142}},{147,{145},{149}}},{167,{165,{159,{158},{160}},{166}},{196,{172,{168,{170}},{177,{190}}},{199}}}}}
{109,{58,{40,{12,{9,{1}},{23,{17},{29}}},{51,{49},{57}}},{95,{90,{72,{71},{82}},{91,{94}}},{98,{97,{96}},{105,{106}}}}},{157,{144,{137,{115,{126}},{142}},{147,{145},{149}}},{167,{165,{159,{158},{160}},{166}},{196,{172,{168,{170}},{177,{190}}},{199}}}}}
{109,{58,{40,{12,{9,{1}},{23,{17},{29}}},{51,{49},{57}}},{95,{90,{72,{71},{82}},{91,{94}}},{98,{97,{96}},{105,{106}}}}},{157,{144,{137,{115,{126}},{142}},{147,{145},{149}}},{167,{165,{159,{158},{160}},{166}},{196,{172,{168,{170}},{177,{190}}},{199}}}}}
{109,{58,{40,{12,{9,{1}},{23,{17},{29}}},{51,{49},{57}}},{95,{90,{72,{71},{82}},{91,{94}}},{98,{97,{96}},{105,{106}}}}},{157,{144,{137,{126,{115},{134}},{142}},{147,{145},{149}}},{167,{165,{159,{158},{160}},{166}},{196,{172,{168,{170}},{177,{190}}},{199}}}}}
{109,{58,{40,{12,{9,{1}},{23,{17},{29}}},{51,{49},{57}}},{95,{90,{72,{71},{82}},{91,{94}}},{98,{97,{96}},{105,{106}}}}},{157,{144,{137,{126,{115},{134}},{142}},{147,{145},{149}}},{167,{159,{158},{166,{160}}},{196,{172,{168,{170}},{177,{190}}},{199}}}}}
{109,{58,{40,{12,{9,{1}},{23,{17},{29}}},{51,{49},{57}}},{95,{90,{72,{71},{82}},{91,{94}}},{98,{97,{96}},{105}}}},{157,{144,{137,{126,{115},{134}},{142}},{147,{145},{149}}},{167,{159,{158},{166,{160}}},{196,{172,{168,{170}},{177,{190}}},{199}}}}}
{109,{58,{40,{12,{9,{1}},{23,{17},{29}}},{51,{49},{57}}},{95,{90,{72,{71},{82}},{91,{94}}},{98,{97,{96}},{105}}}},{157,{144,{137,{126,{115},{134}},{142}},{147,{145},{149}}},{167,{159,{158},{166,{160}}},{196,{172,{168,{170}},{177,{190}}},{199}}}}}
{109,{58,{40,{12,{9,{1}},{23,{17},{29}}},{51,{49},{57}}},{95,{90,{72,{71},{82}},{91,{94}}},{98,{97,{96}},{105}}}},{157,{144,{137,{126,{115},{134}},{142}},{147,{145},{149}}},{167,{159,{158},{166,{160}}},{196,{172,{168,{170}},{190,{177},{191}}},{199}}}}}
{109,{58,{40,{12,{9,{1}},{23,{17},{29}}},{51,{49},{57}}},{95,{90,{72,{71,{69}},{82}},{91,{94}}},{98,{97,{96}},{105}}}},{157,{144,{137,{126,{115},{134}},{142}},{147,{145},{149}}},{167,{159,{158},{166,{160}}},{196,{172,{168,{170}},{190,{177},{191}}},{199}}}}}
{109,{58,{40,{12,{9,{1}},{23,{17},{29}}},{51,{49},{57}}},{95,{90,{72,{71,{69}},{82}},{91,{94}}},{98,{97,{96}},{105}}}},{157,{144,{137,{126,{115},{134}},{142}},{147,{145},{149,{153}}}},{167,{159,{158},{166,{160}}},{196,{172,{168,{170}},{190,{177},{191}}},{199}}}}}
{109,{58,{40,{12,{9,{1}},{23,{17},{29}}},{51,{49},{57}}},{95,{90,{72,{71,{69}},{82}},{91,{94}}},{98,{97,{96}},{105}}}},{157,{144,{126,{115},{137,{134}}},{147,{145},{149,{153}}}},{167,{159,{158},{166,{160}}},{196,{172,{168,{170}},{190,{177},{191}}},{199}}}}}
{109,{58,{40,{12,{9,{1}},{23,{17},{29}}},{51,{49},{57}}},{95,{90,{72,{71,{69}},{82}},{91,{94}}},{98,{97,{96}},{105}}}},{157,{144,{126,{115},{137,{134}}},{147,{145},{149,{153}}}},{167,{159,{158},{166,{160}}},{196,{172,{168,{170}},{190,{177},{191}}},{199}}}}}
{109,{58,{40,{12,{9,{1}},{23,{17},{29}}},{51,{49},{57}}},{95,{90,{72,{71,{69}},{82}},{91,{94}}},{98,{97,{96}},{105}}}},{157,{144,{126,{115},{137,{134}}},{147,{145},{149,{153}}}},{167,{159,{158},{161,{160},{166}}},{196,{172,{168,{170}},{190,{177},{191}}},{199}}}}}
{109,{58,{40,{12,{9,{1}},{23,{17},{29}}},{51,{49},{57}}},{95,{90,{72,{71,{69}},{82}},{91,{94}}},{98,{97,{96}},{105}}}},{157,{144,{126,{115},{135,{134},{137}}},{147,{145},{149,{153}}}},{167,{159,{158},{161,{160},{166}}},{196,{172,{168,{170}},{190,{177},{191}}},{199}}}}}
{109,{58,{40,{12,{9,{1}},{23,{17},{29}}},{51,{49},{57}}},{95,{90,{72,{71,{69}},{82}},{91,{94}}},{98,{97,{96}},{105}}}},{157,{144,{126,{115},{135,{134},{137}}},{147,{145},{149,{153}}}},{167,{159,{158},{161,{160},{166}}},{190,{172,{168,{170}},{177}},{196,{191,{195}},{199}}}}}}
