{49}
{49,{58}}
{58,{49},{72}}
{58,{49},{72,{78}}}
{58,{49,{9}},{72,{78}}}
{58,{49,{9}},{72,{65},{78}}}
{58,{49,{9}},{72,{65}}}
{58,{27,{9},{49}},{72,{65}}}
{58,{27,{9},{49,{40}}},{72,{65}}}
{58,{27,{9,{3}},{49,{40}}},{72,{65}}}
{58,{27,{9,{3}},{49,{40}}},{72,{65}}}
{58,{27,{9,{3}},{49,{40}}},{72,{65}}}
{58,{27,{9,{3}},{49,{40}}},{72,{65},{78}}}
{58,{27,{9,{3}},{40,{35},{49}}},{72,{65},{78}}}
{58,{27,{9},{40,{35},{49}}},{72,{65},{78}}}
{58,{27,{9,{10}},{40,{35},{49}}},{72,{65},{78}}}
{58,{27,{9,{10}},{40,{35},{49}}},{72,{65},{78,{79}}}}
{58,{27,{9,{10}},{40,{35},{49}}},{72,{65},{78,{79}}}}
{58,{27,{9,{10}},{40,{35},{49}}},{72,{65,{67}},{78,{79}}}}
{58,{27,{9,{10}},{40,{35},{49}}},{72,{65,{67}},{78,{79}}}}